<?xml version="1.0" encoding="UTF-8"?>
<!-- Generated by org.testng.reporters.JUnitXMLReporter -->
<testsuite ignored="1" hostname="Kedar" failures="0" tests="1" name="Default test(failed)" time="9.272" errors="0" timestamp="2022-08-04T18:49:14 IST">
  <testcase classname="com.mystore.test.IndexPageTest" name="@BeforeMethod setup" time="9.059">
    <failure type="java.lang.NullPointerException" message="Cannot invoke &amp;quot;java.util.Properties.getProperty(String)&amp;quot; because &amp;quot;com.mystore.base.BaseClass.prop&amp;quot; is null">
      <![CDATA[java.lang.NullPointerException: Cannot invoke "java.util.Properties.getProperty(String)" because "com.mystore.base.BaseClass.prop" is null
at com.mystore.base.BaseClass.launchApp(BaseClass.java:62)
at com.mystore.test.IndexPageTest.setup(IndexPageTest.java:19)
at java.base/java.util.ArrayList.forEach(ArrayList.java:1511)
... Removed 31 stack frames]]>
    </failure>
  </testcase> <!-- @BeforeMethod setup -->
  <testcase classname="com.mystore.test.IndexPageTest" name="@AfterMethod tearDown" time="-1.659619153142E9">
    <skipped/>
  </testcase> <!-- @AfterMethod tearDown -->
  <testcase classname="com.mystore.test.IndexPageTest" name="verifyLogo" time="0.0">
    <skipped/>
  </testcase> <!-- verifyLogo -->
  <testcase classname="com.mystore.test.IndexPageTest" name="verifyTitle" time="0.0">
    <ignored/>
  </testcase> <!-- verifyTitle -->
</testsuite> <!-- Default test(failed) -->
