<?xml version="1.0" encoding="UTF-8"?>
<!-- Generated by org.testng.reporters.JUnitXMLReporter -->
<testsuite ignored="1" hostname="Kedar" failures="0" tests="1" name="Default test" time="52.18" errors="0" timestamp="2022-08-12T13:06:48 IST">
  <testcase classname="com.mystore.test.IndexPageTest" name="verifyLogo" time="3.62"/>
  <testcase classname="com.mystore.test.IndexPageTest" name="verifyTitle" time="0.0">
    <ignored/>
  </testcase> <!-- verifyTitle -->
</testsuite> <!-- Default test -->
