<?xml version="1.0" encoding="UTF-8"?>
<!-- Generated by org.testng.reporters.JUnitXMLReporter -->
<testsuite ignored="12" hostname="Kedar" failures="0" tests="2" name="Test" time="43.19" errors="0" timestamp="2022-08-10T20:23:18 IST">
  <testcase classname="com.mystore.test.IndexPageTest" name="verifyLogo" time="0.448"/>
  <testcase classname="com.mystore.test.IndexPageTest" name="verifyTitle" time="0.04"/>
  <testcase classname="com.mystore.test.AddToCartPageTest" name="addToCartTest" time="0.0">
    <ignored/>
  </testcase> <!-- addToCartTest -->
  <testcase classname="com.mystore.test.EndToEndTest" name="endToEndTest" time="0.0">
    <ignored/>
  </testcase> <!-- endToEndTest -->
  <testcase classname="com.mystore.base.BaseClass" name="@BeforeSuite readConfig" time="0.0">
    <ignored/>
  </testcase> <!-- @BeforeSuite readConfig -->
  <testcase classname="com.mystore.base.BaseClass" name="@BeforeSuite readConfig" time="0.0">
    <ignored/>
  </testcase> <!-- @BeforeSuite readConfig -->
  <testcase classname="com.mystore.base.BaseClass" name="@BeforeSuite readConfig" time="0.0">
    <ignored/>
  </testcase> <!-- @BeforeSuite readConfig -->
  <testcase classname="com.mystore.base.BaseClass" name="@BeforeSuite readConfig" time="0.0">
    <ignored/>
  </testcase> <!-- @BeforeSuite readConfig -->
  <testcase classname="com.mystore.base.BaseClass" name="@BeforeSuite readConfig" time="0.0">
    <ignored/>
  </testcase> <!-- @BeforeSuite readConfig -->
  <testcase classname="com.mystore.base.BaseClass" name="@BeforeSuite readConfig" time="0.0">
    <ignored/>
  </testcase> <!-- @BeforeSuite readConfig -->
  <testcase classname="com.mystore.test.HomePageTest" name="wishListTest" time="0.0">
    <ignored/>
  </testcase> <!-- wishListTest -->
  <testcase classname="com.mystore.test.HomePageTest" name="validateOrderHistoryTest" time="0.0">
    <ignored/>
  </testcase> <!-- validateOrderHistoryTest -->
  <testcase classname="com.mystore.test.LoginPageTest" name="LoginPageTest" time="0.0">
    <ignored/>
  </testcase> <!-- LoginPageTest -->
  <testcase classname="com.mystore.test.AccountCreationPageTest" name="ValidateAccCreationPageTest" time="0.0">
    <ignored/>
  </testcase> <!-- ValidateAccCreationPageTest -->
</testsuite> <!-- Test -->
