<?xml version="1.0" encoding="UTF-8"?>
<testng-results ignored="19" total="20" passed="1" failed="0" skipped="0">
  <reporter-output>
    <line>
      <![CDATA[start test case]]>
    </line>
    <line>
      <![CDATA[end test case]]>
    </line>
  </reporter-output>
  <suite started-at="2022-08-12T20:29:06 IST" name="Suite" finished-at="2022-08-12T20:29:46 IST" duration-ms="40595">
    <groups>
      <group name="sanity">
        <method signature="IndexPageTest.verifyLogo()[pri:0, instance:com.mystore.test.IndexPageTest@6404f418]" name="verifyLogo" class="com.mystore.test.IndexPageTest"/>
      </group> <!-- sanity -->
    </groups>
    <test started-at="2022-08-12T20:29:06 IST" name="Test" finished-at="2022-08-12T20:29:46 IST" duration-ms="40595">
      <class name="com.mystore.test.IndexPageTest">
        <test-method is-config="true" signature="readConfig()[pri:0, instance:com.mystore.test.IndexPageTest@6404f418]" started-at="2022-08-12T20:29:04 IST" name="readConfig" finished-at="2022-08-12T20:29:06 IST" duration-ms="1906" status="PASS">
          <reporter-output>
          </reporter-output>
        </test-method> <!-- readConfig -->
        <test-method is-config="true" signature="setup()[pri:0, instance:com.mystore.test.IndexPageTest@6404f418]" started-at="2022-08-12T20:29:06 IST" name="setup" finished-at="2022-08-12T20:29:44 IST" duration-ms="37976" status="PASS">
          <reporter-output>
          </reporter-output>
        </test-method> <!-- setup -->
        <test-method signature="verifyLogo()[pri:0, instance:com.mystore.test.IndexPageTest@6404f418]" started-at="2022-08-12T20:29:44 IST" name="verifyLogo" finished-at="2022-08-12T20:29:45 IST" duration-ms="654" status="PASS">
          <reporter-output>
            <line>
              <![CDATA[start test case]]>
            </line>
            <line>
              <![CDATA[end test case]]>
            </line>
          </reporter-output>
        </test-method> <!-- verifyLogo -->
        <test-method is-config="true" signature="tearDown()[pri:0, instance:com.mystore.test.IndexPageTest@6404f418]" started-at="2022-08-12T20:29:45 IST" name="tearDown" finished-at="2022-08-12T20:29:46 IST" duration-ms="1823" status="PASS">
          <reporter-output>
          </reporter-output>
        </test-method> <!-- tearDown -->
        <test-method is-config="true" signature="AfterSuite()[pri:0, instance:com.mystore.test.IndexPageTest@6404f418]" started-at="2022-08-12T20:29:47 IST" name="AfterSuite" finished-at="2022-08-12T20:29:49 IST" duration-ms="1982" status="PASS">
          <reporter-output>
          </reporter-output>
        </test-method> <!-- AfterSuite -->
      </class> <!-- com.mystore.test.IndexPageTest -->
    </test> <!-- Test -->
  </suite> <!-- Suite -->
</testng-results>
