<?xml version="1.0" encoding="UTF-8"?>
<testng-results ignored="1" total="2" passed="1" failed="0" skipped="0">
  <reporter-output>
    <line>
      <![CDATA[start test case]]>
    </line>
    <line>
      <![CDATA[end test case]]>
    </line>
  </reporter-output>
  <suite started-at="2022-08-12T13:05:55 IST" name="Default suite" finished-at="2022-08-12T13:06:47 IST" duration-ms="52180">
    <groups>
      <group name="sanity">
        <method signature="IndexPageTest.verifyLogo()[pri:0, instance:com.mystore.test.IndexPageTest@2ed2d9cb]" name="verifyLogo" class="com.mystore.test.IndexPageTest"/>
      </group> <!-- sanity -->
    </groups>
    <test started-at="2022-08-12T13:05:55 IST" name="Default test" finished-at="2022-08-12T13:06:47 IST" duration-ms="52180">
      <class name="com.mystore.test.IndexPageTest">
        <test-method is-config="true" signature="readConfig()[pri:0, instance:com.mystore.test.IndexPageTest@2ed2d9cb]" started-at="2022-08-12T13:05:54 IST" name="readConfig" finished-at="2022-08-12T13:05:55 IST" duration-ms="803" status="PASS">
          <reporter-output>
          </reporter-output>
        </test-method> <!-- readConfig -->
        <test-method is-config="true" signature="setup()[pri:0, instance:com.mystore.test.IndexPageTest@2ed2d9cb]" started-at="2022-08-12T13:05:55 IST" name="setup" finished-at="2022-08-12T13:06:34 IST" duration-ms="39176" status="PASS">
          <reporter-output>
          </reporter-output>
        </test-method> <!-- setup -->
        <test-method signature="verifyLogo()[pri:0, instance:com.mystore.test.IndexPageTest@2ed2d9cb]" started-at="2022-08-12T13:06:34 IST" name="verifyLogo" finished-at="2022-08-12T13:06:38 IST" duration-ms="3620" status="PASS">
          <reporter-output>
            <line>
              <![CDATA[start test case]]>
            </line>
            <line>
              <![CDATA[end test case]]>
            </line>
          </reporter-output>
        </test-method> <!-- verifyLogo -->
        <test-method is-config="true" signature="tearDown()[pri:0, instance:com.mystore.test.IndexPageTest@2ed2d9cb]" started-at="2022-08-12T13:06:38 IST" name="tearDown" finished-at="2022-08-12T13:06:47 IST" duration-ms="9307" status="PASS">
          <reporter-output>
          </reporter-output>
        </test-method> <!-- tearDown -->
        <test-method is-config="true" signature="AfterSuite()[pri:0, instance:com.mystore.test.IndexPageTest@2ed2d9cb]" started-at="2022-08-12T13:06:48 IST" name="AfterSuite" finished-at="2022-08-12T13:06:48 IST" duration-ms="36" status="PASS">
          <reporter-output>
          </reporter-output>
        </test-method> <!-- AfterSuite -->
      </class> <!-- com.mystore.test.IndexPageTest -->
    </test> <!-- Default test -->
  </suite> <!-- Default suite -->
</testng-results>
